### ISSUE TITLE
Crash in Hyperscan 5.4.0 (SIGSEGV in AVX2 path on Ubuntu 22.04)

### ISSUE THREAD

**Issue by Neha200794** [01org/hyperscan#457]
**Description**

We are encountering a segmentation fault when using Hyperscan 5.4.0 in a multi-threaded production environment on Ubuntu 22.04.

The crash occurs inside the AVX2 execution path during hs_scan(). A similar issue was previously observed on Ubuntu 18.04 as well, suggesting this may not be OS-specific.

**Environment**
Hyperscan version: 5.4.0
OS: Ubuntu 22.04 (also previously seen on 18.04)
Architecture: x86_64 (AVX2 enabled)
Compiler: GCC 11
Build type: Release
Usage: Block mode scanning (hs_scan)
Threading: Multi-threaded (each thread uses its own scratch space)
Observed Behavior
Process crashes with SIGSEGV
Crash consistently happens inside Hyperscan AVX2 internal functions
No error is returned by hs_scan() before crash

**stack trace excerpt:**

#0  avx2_roseRunProgram()
#1  avx2_roseFloatingCallback()
#2  avx2_fdr_exec_*()
#3  avx2_fdrExec()
#4  avx2_roseBlockExec()
#5  avx2_hs_scan()
#6  <application code calling hs_scan>

(Full trace omitted due to internal code, but follows the same structure)

**Repro Characteristics**
Occurs under load (high throughput scanning)
Input is a short string (few bytes to tens of bytes)
Pattern database contains multiple expressions (mixed complexity)
Crash is intermittent 

**What We Checked**
Each thread uses its own hs_scratch_t
Scratch space allocated using hs_alloc_scratch
No sharing of scratch across threads
Database compiled once and reused (read-only)
Input buffers are valid and remain alive during scan
No custom allocators involved
**Questions / Help Needed**
Are there any known issues in 5.4.0 AVX2 execution path (especially rose / fdr engines)?
**Could this be related to:**
scratch space reuse across fibers / coroutines?
alignment or memory corruption expectations?
specific pattern combinations triggering edge cases?
Are there recommended debugging flags or builds (e.g., assertions, sanitizers) to narrow this down?
Has this been fixed in a newer version?
**Additional Notes**
The crash appears deep in internal execution (not during compile)
We are using Boost fibers in our threading model (in case stack switching matters)
No obvious memory corruption detected on our side yet

**Request Any guidance on:**

known bugs,
debugging strategies,
or whether upgrading Hyperscan is recommended

would be greatly appreciated.

**Comment by Neha200794** [comment]
Additional GDB output

(gdb) frame 0
#0  0x00007f66baab4f09 in avx2_roseRunProgram () from /opt/applications/greenHaud/haud/libs/libhs.so.5
(gdb) disassemble $pc-64,$pc+64
(gdb) disassemble $pc-64,$pc+64
Dump of assembler code from 0x7f66baab4ec9 to 0x7f66baab4f49:
   0x00007f66baab4ec9 <avx2_roseRunProgram+55209>:	(bad)
   0x00007f66baab4eca <avx2_roseRunProgram+55210>:	jbe    0x7f66baabbcd5 <avx2_roseRunProgram+83381>
   0x00007f66baab4ed0 <avx2_roseRunProgram+55216>:	cmpq   $0xffffffffffffffff,(%rcx)
   0x00007f66baab4ed4 <avx2_roseRunProgram+55220>:	je     0x7f66baab4ec0 <avx2_roseRunProgram+55200>
   0x00007f66baab4ed6 <avx2_roseRunProgram+55222>:	mov    0x20(%r15),%r13d
   0x00007f66baab4eda <avx2_roseRunProgram+55226>:	test   %r13d,%r13d
   0x00007f66baab4edd <avx2_roseRunProgram+55229>:	jne    0x7f66baaaaf72 <avx2_roseRunProgram+14418>
   0x00007f66baab4ee3 <avx2_roseRunProgram+55235>:	mov    -0x2a8(%rbp),%r12
   0x00007f66baab4eea <avx2_roseRunProgram+55242>:	mov    %r15,%r11
   0x00007f66baab4eed <avx2_roseRunProgram+55245>:	jmp    0x7f66baaa7c1e <avx2_roseRunProgram+1278>
   0x00007f66baab4ef2 <avx2_roseRunProgram+55250>:	cmp    %rcx,-0x1c0(%rbp)
   0x00007f66baab4ef9 <avx2_roseRunProgram+55257>:	jg     0x7f66baab5d2b <avx2_roseRunProgram+58891>
   0x00007f66baab4eff <avx2_roseRunProgram+55263>:	mov    0xc(%r15),%eax
   0x00007f66baab4f03 <avx2_roseRunProgram+55267>:	dec    %eax
   0x00007f66baab4f05 <avx2_roseRunProgram+55269>:	lea    (%rax,%rax,2),%rax
=> 0x00007f66baab4f09 <avx2_roseRunProgram+55273>:	mov    0x68(%r15,%rax,8),%edx
   0x00007f66baab4f0e <avx2_roseRunProgram+55278>:	test   %edx,%edx
   0x00007f66baab4f10 <avx2_roseRunProgram+55280>:	jne    0x7f66baab5d2b <avx2_roseRunProgram+58891>
   0x00007f66baab4f16 <avx2_roseRunProgram+55286>:	cmp    %rcx,-0x1c0(%rbp)
   0x00007f66baab4f1d <avx2_roseRunProgram+55293>:	jl     0x7f66baaab4f0 <avx2_roseRunProgram+15824>
   0x00007f66baab4f23 <avx2_roseRunProgram+55299>:	jmp    0x7f66baaab729 <avx2_roseRunProgram+16393>
   0x00007f66baab4f28 <avx2_roseRunProgram+55304>:	mov    0x120(%r14),%rsi
   0x00007f66baab4f2f <avx2_roseRunProgram+55311>:	mov    (%rsi,%rdi,1),%rdi
   0x00007f66baab4f33 <avx2_roseRunProgram+55315>:	jmp    0x7f66baaabd2a <avx2_roseRunProgram+17930>
   0x00007f66baab4f38 <avx2_roseRunProgram+55320>:	mov    0x120(%rdi),%rcx
   0x00007f66baab4f3f <avx2_roseRunProgram+55327>:	mov    $0xffffffff,%edi
   0x00007f66baab4f44 <avx2_roseRunProgram+55332>:	vmovdqu (%rcx,%rax,1),%ymm1
End of assembler dump.
(gdb)
(gdb) info reg r15 rax
r15            0x7f6574444020      140073719054368
rax            0x2fffffffd         12884901885
(gdb) x/16gx $r15
0x7f6574444020:	0x00007f65c0411180	0x0000000100000000
0x7f6574444030:	0x00007f6574444ad5	0x00007f6574444a33
0x7f6574444040:	0x0000000000000000	0x00007f65740367e0
0x7f6574444050:	0x000000000000000c	0x0000000000000000
0x7f6574444060:	0x0000000000000000	0x00007f65744438c0
0x7f6574444070:	0x0000000000000000	0x0000000000000000
0x7f6574444080:	0x0000000000000000	0x0000000000000000
0x7f6574444090:	0x0000000000000004	0x0000000000000000
(gdb) p/x *(unsigned int*)($r15+0xc)
$9 = 0x1
(gdb) set $n = *(unsigned int*)($r15+0xc)
(gdb) p/x $n
$10 = 0x1
(gdb) p/x (($n - 1) * 3)
$11 = 0x0
(gdb)

**Comment by ckalaka** [comment]
seeing the same problem on debian 13, hyperscan 5.4.2-3 from debian repo, same setup. crash inside avx512vbmi_hs_scan_stream. noteable fact: the buffer to scan ended exactly at a (huge-)page boundary, so the entire buffer is readable in the core file but one byte passed that is a segafault (address ending in ...e00000)
